TN:
SF:src\router.ts
FN:25,(anonymous_0)
FN:43,(anonymous_1)
FNF:2
FNH:2
FNDA:4,(anonymous_0)
FNDA:5,(anonymous_1)
DA:1,2
DA:2,2
DA:3,2
DA:6,2
DA:7,2
DA:10,2
DA:11,2
DA:17,2
DA:25,4
DA:32,2
DA:43,5
DA:51,2
DA:58,2
DA:65,2
LF:14
LH:14
BRF:0
BRH:0
end_of_record
TN:
SF:src\server.ts
FN:8,conectDB
FN:31,(anonymous_2)
FNF:2
FNH:2
FNDA:3,conectDB
FNDA:1,(anonymous_2)
DA:1,2
DA:2,2
DA:3,2
DA:8,2
DA:9,3
DA:10,3
DA:11,2
DA:15,1
DA:21,2
DA:24,2
DA:26,2
DA:29,2
DA:31,2
DA:32,1
DA:35,2
LF:15
LH:15
BRF:0
BRH:0
end_of_record
TN:
SF:src\config\db.ts
FNF:0
FNH:0
DA:1,2
DA:2,2
DA:4,2
DA:6,2
DA:16,2
LF:5
LH:5
BRF:0
BRH:0
end_of_record
TN:
SF:src\handlers\product.ts
FN:6,(anonymous_1)
FN:18,(anonymous_2)
FN:29,(anonymous_3)
FN:35,(anonymous_4)
FN:51,(anonymous_5)
FN:69,(anonymous_6)
FNF:6
FNH:6
FNDA:2,(anonymous_1)
FNDA:2,(anonymous_2)
FNDA:1,(anonymous_3)
FNDA:2,(anonymous_4)
FNDA:2,(anonymous_5)
FNDA:2,(anonymous_6)
DA:4,2
DA:6,2
DA:7,2
DA:15,2
DA:18,2
DA:19,2
DA:20,2
DA:23,2
DA:24,1
DA:27,1
DA:29,2
DA:31,1
DA:32,1
DA:35,2
DA:37,2
DA:38,2
DA:41,2
DA:42,1
DA:45,1
DA:46,1
DA:48,1
DA:51,2
DA:53,2
DA:54,2
DA:57,2
DA:58,1
DA:61,1
DA:62,1
DA:65,1
DA:69,2
DA:71,2
DA:72,2
DA:73,2
DA:74,1
DA:77,1
DA:79,1
LF:36
LH:36
BRDA:23,0,0,1
BRDA:41,1,0,1
BRDA:57,2,0,1
BRDA:73,3,0,1
BRF:4
BRH:4
end_of_record
TN:
SF:src\middleware\index.ts
FN:5,(anonymous_0)
FNF:1
FNH:1
FNDA:18,(anonymous_0)
DA:3,2
DA:5,2
DA:6,18
DA:7,18
DA:8,9
DA:10,9
LF:6
LH:6
BRDA:7,0,0,9
BRF:1
BRH:1
end_of_record
TN:
SF:src\models\Product.model.ts
FNF:0
FNH:0
DA:1,3
DA:7,3
DA:11,3
DA:15,3
DA:20,3
DA:23,3
LF:6
LH:6
BRF:0
BRH:0
end_of_record
